app/build/outputs/logs/manifest-merger-debug-report.txt
-- Merging decision tree log ---
manifest
ADDED from src/main/AndroidManifest.xml:19:1-41:12
	package
		ADDED from src/main/AndroidManifest.xml:20:5-51
		INJECTED from src/main/AndroidManifest.xml
		INJECTED from src/main/AndroidManifest.xml
	xmlns:android
		ADDED from src/main/AndroidManifest.xml:19:11-69
uses-permission#android.permission.INTERNET
ADDED from src/main/AndroidManifest.xml:22:5-67
	android:name
		ADDED from src/main/AndroidManifest.xml:22:22-64
uses-permission#android.permission.ACCESS_NETWORK_STATE
ADDED from src/main/AndroidManifest.xml:23:5-79
	android:name
		ADDED from src/main/AndroidManifest.xml:23:22-76
application
ADDED from src/main/AndroidManifest.xml:25:5-40:19
	android:label
		ADDED from src/main/AndroidManifest.xml:25:18-50
activity#com.juliansparber.captiveportallogin.CaptivePortalLoginActivity
ADDED from src/main/AndroidManifest.xml:26:9-39:20
	android:label
		ADDED from src/main/AndroidManifest.xml:28:13-53
	android:configChanges
		ADDED from src/main/AndroidManifest.xml:30:13-74
	android:theme
		ADDED from src/main/AndroidManifest.xml:29:13-44
	android:name
		ADDED from src/main/AndroidManifest.xml:27:13-55
intent-filter#android.intent.category.DEFAULT+android.net.conn.CAPTIVE_PORTAL
ADDED from src/main/AndroidManifest.xml:31:13-34:29
action#android.net.conn.CAPTIVE_PORTAL
ADDED from src/main/AndroidManifest.xml:32:17-73
	android:name
		ADDED from src/main/AndroidManifest.xml:32:25-71
category#android.intent.category.DEFAULT
ADDED from src/main/AndroidManifest.xml:33:17-75
	android:name
		ADDED from src/main/AndroidManifest.xml:33:27-73
intent-filter#android.intent.action.MAIN+android.intent.category.LAUNCHER
ADDED from src/main/AndroidManifest.xml:35:13-38:29
action#android.intent.action.MAIN
ADDED from src/main/AndroidManifest.xml:36:17-69
	android:name
		ADDED from src/main/AndroidManifest.xml:36:25-66
category#android.intent.category.LAUNCHER
ADDED from src/main/AndroidManifest.xml:37:17-76
	android:name
		ADDED from src/main/AndroidManifest.xml:37:27-74
uses-sdk
INJECTED from src/main/AndroidManifest.xml reason: use-sdk injection requested
	android:targetSdkVersion
		INJECTED from src/main/AndroidManifest.xml
		INJECTED from src/main/AndroidManifest.xml
	android:minSdkVersion
		INJECTED from src/main/AndroidManifest.xml
		INJECTED from src/main/AndroidManifest.xml